<?xml version="1.0" encoding="UTF-8"?>
<!-- Generated by org.testng.reporters.JUnitReportReporter -->
<testsuite hostname="DESKTOP-8L31ADC" failures="0" tests="2" name="com.addtocart.yousuf_selenium.AddToCartTests" time="16.709" errors="0" timestamp="2025-01-31T01:11:28 EST" skipped="0">
  <testcase classname="com.addtocart.yousuf_selenium.AddToCartTests" name="testAddProductToCart" time="6.827"/>
  <system-out/>
  <testcase classname="com.addtocart.yousuf_selenium.AddToCartTests" name="testAddProductWithoutSelectingOptions" time="9.882"/>
  <system-out/>
</testsuite> <!-- com.addtocart.yousuf_selenium.AddToCartTests -->
